<?xml version="1.0" encoding="UTF-8"?>
<!-- Generated by org.testng.reporters.JUnitXMLReporter -->
<testsuite ignored="0" hostname="DESKTOP-N54R2FB" failures="2" tests="2" name="Default test" time="1.065" errors="0" timestamp="2025-10-23T13:15:30 IST">
  <testcase classname="io.cucumber.testng.AbstractTestNGCucumberTests" name="runScenario" time="0.222">
    <failure type="java.lang.NullPointerException" message="Cannot invoke &amp;quot;com.microsoft.playwright.Page.navigate(String)&amp;quot; because &amp;quot;this.page&amp;quot; is null">
      <![CDATA[java.lang.NullPointerException: Cannot invoke "com.microsoft.playwright.Page.navigate(String)" because "this.page" is null
at stepsDefination.radioButton.user_navigate_to_website_url(radioButton.java:19)
at ✽.the user is on the radio button page(file:///C:/Users/Niketan%20Gawade/eclipse-workspace/Playwright-java-testng-cucumber-framework-boilerplate/src/test/resources/features/RadioButton.feature:7)
]]>
    </failure>
  </testcase> <!-- runScenario -->
  <testcase classname="io.cucumber.testng.AbstractTestNGCucumberTests" name="runScenario" time="0.023">
    <failure type="java.lang.NullPointerException" message="Cannot invoke &amp;quot;com.microsoft.playwright.Page.navigate(String)&amp;quot; because &amp;quot;this.page&amp;quot; is null">
      <![CDATA[java.lang.NullPointerException: Cannot invoke "com.microsoft.playwright.Page.navigate(String)" because "this.page" is null
at stepsDefination.loginPage.user_navigate_to_website_url(loginPage.java:21)
at ✽.User navigate to website URL(file:///C:/Users/Niketan%20Gawade/eclipse-workspace/Playwright-java-testng-cucumber-framework-boilerplate/src/test/resources/features/login.feature:7)
]]>
    </failure>
  </testcase> <!-- runScenario -->
</testsuite> <!-- Default test -->
